GROUP,PACKAGE,CLASS,INSTRUCTION_MISSED,INSTRUCTION_COVERED,BRANCH_MISSED,BRANCH_COVERED,LINE_MISSED,LINE_COVERED,COMPLEXITY_MISSED,COMPLEXITY_COVERED,METHOD_MISSED,METHOD_COVERED
backend,no.cmarker.backend,PasswordConfig,0,7,0,0,0,2,0,2,0,2
backend,no.cmarker.backend.entities,Person,4,13,0,0,2,6,1,4,1,4
backend,no.cmarker.backend.entities,User,31,0,0,0,14,0,9,0,9,0
backend,no.cmarker.backend.services,UserService,37,3,2,0,10,1,2,1,1,1
backend,no.cmarker.backend.services,DefaultDataInitializerService,3,18,0,0,2,4,0,4,0,4
backend,no.cmarker.backend.services,PersonService,0,24,0,0,0,6,0,3,0,3
