GROUP,PACKAGE,CLASS,INSTRUCTION_MISSED,INSTRUCTION_COVERED,BRANCH_MISSED,BRANCH_COVERED,LINE_MISSED,LINE_COVERED,COMPLEXITY_MISSED,COMPLEXITY_COVERED,METHOD_MISSED,METHOD_COVERED
frontend,no.cmarker.frontend.controller,BookController,13,0,0,0,3,0,2,0,2,0
frontend,no.cmarker.frontend.controller,SignUpController,63,0,4,0,20,0,8,0,6,0
frontend,no.cmarker.frontend.controller,UserInfoController,9,0,0,0,2,0,2,0,2,0
frontend,no.cmarker,Application,5,3,0,0,2,1,1,1,1,1
frontend,no.cmarker.frontend,WebSecurityConfig,12,90,0,0,4,26,0,4,0,4
frontend,no.cmarker.frontend,RedirectForwardHandler,0,5,0,0,0,2,0,2,0,2
